{
  "RSpec": {
    "coverage": {
      "/mnt/c/Users/daniel/Documents/daniel/ruby/simruby/rails/gazooyr/app/models/user.rb": [
        1,
        null,
        null,
        1,
        null,
        null
      ],
      "/mnt/c/Users/daniel/Documents/daniel/ruby/simruby/rails/gazooyr/app/models/application_record.rb": [
        1,
        1,
        null
      ],
      "/mnt/c/Users/daniel/Documents/daniel/ruby/simruby/rails/gazooyr/app/helpers/application_helper.rb": [
        1,
        null
      ],
      "/mnt/c/Users/daniel/Documents/daniel/ruby/simruby/rails/gazooyr/app/helpers/comments_helper.rb": [
        1,
        null
      ],
      "/mnt/c/Users/daniel/Documents/daniel/ruby/simruby/rails/gazooyr/app/helpers/follower_links_helper.rb": [
        1,
        null
      ],
      "/mnt/c/Users/daniel/Documents/daniel/ruby/simruby/rails/gazooyr/app/helpers/gazooies_helper.rb": [
        1,
        null
      ],
      "/mnt/c/Users/daniel/Documents/daniel/ruby/simruby/rails/gazooyr/app/helpers/hash_tags_helper.rb": [
        1,
        null
      ],
      "/mnt/c/Users/daniel/Documents/daniel/ruby/simruby/rails/gazooyr/app/helpers/news_helper.rb": [
        1,
        null
      ],
      "/mnt/c/Users/daniel/Documents/daniel/ruby/simruby/rails/gazooyr/app/helpers/pages_helper.rb": [
        1,
        null
      ],
      "/mnt/c/Users/daniel/Documents/daniel/ruby/simruby/rails/gazooyr/app/helpers/profiles_helper.rb": [
        1,
        null
      ],
      "/mnt/c/Users/daniel/Documents/daniel/ruby/simruby/rails/gazooyr/app/helpers/users_helper.rb": [
        1,
        null
      ],
      "/mnt/c/Users/daniel/Documents/daniel/ruby/simruby/rails/gazooyr/app/controllers/application_controller.rb": [
        1,
        1,
        1,
        null,
        1,
        null,
        1,
        27,
        28,
        null,
        null
      ],
      "/mnt/c/Users/daniel/Documents/daniel/ruby/simruby/rails/gazooyr/app/controllers/home_controller.rb": [
        1,
        null,
        1,
        null,
        null,
        null,
        null
      ],
      "/mnt/c/Users/daniel/Documents/daniel/ruby/simruby/rails/gazooyr/app/controllers/users_controller.rb": [
        1,
        1,
        null,
        null,
        null,
        1,
        0,
        null,
        null,
        null,
        null,
        1,
        null,
        null,
        null,
        1,
        0,
        null,
        null,
        null,
        1,
        null,
        null,
        null,
        null,
        1,
        0,
        null,
        0,
        0,
        0,
        0,
        null,
        0,
        0,
        null,
        null,
        null,
        null,
        null,
        null,
        1,
        0,
        0,
        0,
        0,
        null,
        0,
        0,
        null,
        null,
        null,
        null,
        null,
        null,
        1,
        1,
        1,
        2,
        1,
        null,
        null,
        null,
        1,
        null,
        1,
        1,
        null,
        null,
        null,
        1,
        0,
        null,
        null
      ],
      "/mnt/c/Users/daniel/Documents/daniel/ruby/simruby/rails/gazooyr/app/channels/application_cable/channel.rb": [
        0,
        0,
        0,
        0
      ],
      "/mnt/c/Users/daniel/Documents/daniel/ruby/simruby/rails/gazooyr/app/channels/application_cable/connection.rb": [
        0,
        0,
        0,
        0
      ],
      "/mnt/c/Users/daniel/Documents/daniel/ruby/simruby/rails/gazooyr/app/controllers/comments_controller.rb": [
        0,
        0,
        null,
        null,
        null,
        0,
        0,
        0,
        null,
        null,
        null,
        0,
        0,
        null,
        null,
        0,
        0,
        0,
        null,
        null,
        0,
        0,
        null,
        null,
        null,
        0,
        0,
        null,
        0,
        0,
        0,
        0,
        0,
        0,
        0,
        0,
        0,
        0,
        null,
        null,
        null,
        0,
        0,
        0,
        0,
        0,
        0,
        0,
        0,
        0,
        0,
        0,
        null,
        null,
        null,
        0,
        0,
        0,
        0,
        0,
        0,
        0,
        null,
        0,
        null,
        0,
        0,
        0,
        null,
        null,
        0,
        0,
        0,
        0
      ],
      "/mnt/c/Users/daniel/Documents/daniel/ruby/simruby/rails/gazooyr/app/controllers/follower_links_controller.rb": [
        0,
        0,
        null,
        null,
        null,
        0,
        0,
        0,
        null,
        null,
        null,
        0,
        0,
        null,
        null,
        0,
        0,
        0,
        null,
        null,
        0,
        0,
        null,
        null,
        null,
        0,
        0,
        null,
        0,
        0,
        0,
        0,
        0,
        0,
        0,
        0,
        0,
        0,
        null,
        null,
        null,
        0,
        0,
        0,
        0,
        0,
        0,
        0,
        0,
        0,
        0,
        0,
        null,
        null,
        null,
        0,
        0,
        0,
        0,
        0,
        0,
        0,
        null,
        0,
        null,
        0,
        0,
        0,
        null,
        null,
        0,
        0,
        0,
        0
      ],
      "/mnt/c/Users/daniel/Documents/daniel/ruby/simruby/rails/gazooyr/app/controllers/gazooies_controller.rb": [
        0,
        0,
        null,
        null,
        null,
        0,
        0,
        0,
        null,
        null,
        null,
        0,
        0,
        null,
        null,
        0,
        0,
        0,
        null,
        null,
        0,
        0,
        null,
        null,
        null,
        0,
        0,
        null,
        0,
        0,
        0,
        0,
        0,
        0,
        0,
        0,
        0,
        0,
        null,
        null,
        null,
        0,
        0,
        0,
        0,
        0,
        0,
        0,
        0,
        0,
        0,
        0,
        null,
        null,
        null,
        0,
        0,
        0,
        0,
        0,
        0,
        0,
        null,
        0,
        null,
        0,
        0,
        0,
        null,
        null,
        0,
        0,
        0,
        0
      ],
      "/mnt/c/Users/daniel/Documents/daniel/ruby/simruby/rails/gazooyr/app/controllers/hash_tags_controller.rb": [
        0,
        0,
        null,
        null,
        null,
        0,
        0,
        0,
        null,
        null,
        null,
        0,
        0,
        null,
        null,
        0,
        0,
        0,
        null,
        null,
        0,
        0,
        null,
        null,
        null,
        0,
        0,
        null,
        0,
        0,
        0,
        0,
        0,
        0,
        0,
        0,
        0,
        0,
        null,
        null,
        null,
        0,
        0,
        0,
        0,
        0,
        0,
        0,
        0,
        0,
        0,
        0,
        null,
        null,
        null,
        0,
        0,
        0,
        0,
        0,
        0,
        0,
        null,
        0,
        null,
        0,
        0,
        0,
        null,
        null,
        0,
        0,
        0,
        0
      ],
      "/mnt/c/Users/daniel/Documents/daniel/ruby/simruby/rails/gazooyr/app/controllers/news_controller.rb": [
        0,
        0,
        0,
        0,
        0
      ],
      "/mnt/c/Users/daniel/Documents/daniel/ruby/simruby/rails/gazooyr/app/controllers/pages_controller.rb": [
        0,
        0,
        null,
        null,
        null,
        0,
        0,
        0,
        null,
        null,
        null,
        0,
        0,
        null,
        null,
        0,
        0,
        0,
        null,
        null,
        0,
        0,
        null,
        null,
        null,
        0,
        0,
        null,
        0,
        0,
        0,
        0,
        0,
        0,
        0,
        0,
        0,
        0,
        null,
        null,
        null,
        0,
        0,
        0,
        0,
        0,
        0,
        0,
        0,
        0,
        0,
        0,
        null,
        null,
        null,
        0,
        0,
        0,
        0,
        0,
        0,
        0,
        null,
        0,
        null,
        0,
        0,
        0,
        null,
        null,
        0,
        0,
        0,
        0
      ],
      "/mnt/c/Users/daniel/Documents/daniel/ruby/simruby/rails/gazooyr/app/controllers/profiles_controller.rb": [
        0,
        0
      ],
      "/mnt/c/Users/daniel/Documents/daniel/ruby/simruby/rails/gazooyr/app/jobs/application_job.rb": [
        0,
        0
      ],
      "/mnt/c/Users/daniel/Documents/daniel/ruby/simruby/rails/gazooyr/app/mailers/application_mailer.rb": [
        0,
        0,
        0,
        0
      ],
      "/mnt/c/Users/daniel/Documents/daniel/ruby/simruby/rails/gazooyr/app/models/comment.rb": [
        0,
        0
      ],
      "/mnt/c/Users/daniel/Documents/daniel/ruby/simruby/rails/gazooyr/app/models/follower_link.rb": [
        0,
        0
      ],
      "/mnt/c/Users/daniel/Documents/daniel/ruby/simruby/rails/gazooyr/app/models/gazooie.rb": [
        0,
        null,
        null,
        0
      ],
      "/mnt/c/Users/daniel/Documents/daniel/ruby/simruby/rails/gazooyr/app/models/hash_tag.rb": [
        0,
        0
      ],
      "/mnt/c/Users/daniel/Documents/daniel/ruby/simruby/rails/gazooyr/app/models/news.rb": [
        0,
        0
      ],
      "/mnt/c/Users/daniel/Documents/daniel/ruby/simruby/rails/gazooyr/app/models/page.rb": [
        0,
        0
      ],
      "/mnt/c/Users/daniel/Documents/daniel/ruby/simruby/rails/gazooyr/app/models/profile.rb": [
        0,
        0
      ]
    },
    "timestamp": 1554133074
  }
}
